<?xml version="1.0" encoding="UTF-8"?>
<testng-results ignored="0" total="1" passed="1" failed="0" skipped="0">
  <reporter-output>
  </reporter-output>
  <suite started-at="2020-09-03T11:58:29 IST" name="Default suite" finished-at="2020-09-03T11:59:06 IST" duration-ms="36999">
    <groups>
    </groups>
    <test started-at="2020-09-03T11:58:29 IST" name="Default test" finished-at="2020-09-03T11:59:06 IST" duration-ms="36999">
      <class name="main.M1">
        <test-method is-config="true" signature="beforeMethod()[pri:0, instance:main.M1@2fd1433e]" started-at="2020-09-03T11:58:29 IST" name="beforeMethod" finished-at="2020-09-03T11:58:38 IST" duration-ms="9253" status="PASS">
          <reporter-output>
          </reporter-output>
        </test-method> <!-- beforeMethod -->
        <test-method signature="generalInformationTest()[pri:0, instance:main.M1@2fd1433e]" started-at="2020-09-03T11:58:38 IST" name="generalInformationTest" finished-at="2020-09-03T11:59:05 IST" duration-ms="27486" status="PASS">
          <reporter-output>
          </reporter-output>
        </test-method> <!-- generalInformationTest -->
        <test-method is-config="true" signature="afterMethod()[pri:0, instance:main.M1@2fd1433e]" started-at="2020-09-03T11:59:05 IST" name="afterMethod" finished-at="2020-09-03T11:59:06 IST" duration-ms="149" status="PASS">
          <reporter-output>
          </reporter-output>
        </test-method> <!-- afterMethod -->
      </class> <!-- main.M1 -->
    </test> <!-- Default test -->
  </suite> <!-- Default suite -->
</testng-results>
