<?xml version="1.0" encoding="UTF-8"?>
<testng-results ignored="0" total="1" passed="1" failed="0" skipped="0">
  <reporter-output>
  </reporter-output>
  <suite started-at="2020-06-12T17:58:17 IST" name="Default suite" finished-at="2020-06-12T17:58:58 IST" duration-ms="41708">
    <groups>
    </groups>
    <test started-at="2020-06-12T17:58:17 IST" name="Default test" finished-at="2020-06-12T17:58:58 IST" duration-ms="41708">
      <class name="main.M1">
        <test-method is-config="true" signature="before()[pri:0, instance:main.M1@55f616cf]" started-at="2020-06-12T17:58:17 IST" name="before" finished-at="2020-06-12T17:58:25 IST" duration-ms="8340" status="PASS">
          <reporter-output>
          </reporter-output>
        </test-method> <!-- before -->
        <test-method signature="generalInformationTest()[pri:0, instance:main.M1@55f616cf]" started-at="2020-06-12T17:58:25 IST" name="generalInformationTest" finished-at="2020-06-12T17:58:58 IST" duration-ms="33128" status="PASS">
          <reporter-output>
          </reporter-output>
        </test-method> <!-- generalInformationTest -->
        <test-method is-config="true" signature="afterMethod()[pri:0, instance:main.M1@55f616cf]" started-at="2020-06-12T17:58:58 IST" name="afterMethod" finished-at="2020-06-12T17:58:58 IST" duration-ms="176" status="PASS">
          <reporter-output>
          </reporter-output>
        </test-method> <!-- afterMethod -->
      </class> <!-- main.M1 -->
    </test> <!-- Default test -->
  </suite> <!-- Default suite -->
</testng-results>
