<?xml version="1.0" encoding="UTF-8"?>
<testng-results skipped="0" failed="0" ignored="0" total="1" passed="1">
  <reporter-output>
  </reporter-output>
  <suite name="Suite" duration-ms="47358" started-at="2021-02-12T20:37:13 GMT" finished-at="2021-02-12T20:38:01 GMT">
    <groups>
    </groups>
    <test name="Test" duration-ms="47358" started-at="2021-02-12T20:37:13 GMT" finished-at="2021-02-12T20:38:01 GMT">
      <class name="main.M1">
        <test-method status="PASS" signature="beforeMethod()[pri:0, instance:main.M1@47ef968d]" name="beforeMethod" is-config="true" duration-ms="7289" started-at="2021-02-12T20:37:13 GMT" finished-at="2021-02-12T20:37:21 GMT">
          <reporter-output>
          </reporter-output>
        </test-method> <!-- beforeMethod -->
        <test-method status="PASS" signature="test()[pri:0, instance:main.M1@47ef968d]" name="test" duration-ms="39852" started-at="2021-02-12T20:37:21 GMT" finished-at="2021-02-12T20:38:01 GMT">
          <reporter-output>
          </reporter-output>
        </test-method> <!-- test -->
        <test-method status="PASS" signature="aftermethod()[pri:0, instance:main.M1@47ef968d]" name="aftermethod" is-config="true" duration-ms="158" started-at="2021-02-12T20:38:01 GMT" finished-at="2021-02-12T20:38:01 GMT">
          <reporter-output>
          </reporter-output>
        </test-method> <!-- aftermethod -->
      </class> <!-- main.M1 -->
    </test> <!-- Test -->
  </suite> <!-- Suite -->
</testng-results>
